<?xml version="1.0" encoding="UTF-8"?>
<!-- Generated by org.testng.reporters.JUnitReportReporter -->
<testsuite hostname="NQ5X" failures="0" tests="1" name="WikiTestLeer" time="8.041" errors="0" timestamp="2022-05-16T09:40:42 ART" skipped="0">
  <testcase classname="WikiTestLeer" name="ValidarBusquedaWikipedia" time="8.041"/>
  <system-out/>
</testsuite> <!-- WikiTestLeer -->
