<?xml version="1.0" encoding="UTF-8"?>
<!-- Generated by org.testng.reporters.JUnitReportReporter -->
<testsuite hostname="NQ5X" failures="0" tests="1" name="Despegar_Compra" time="20.542" errors="0" timestamp="2022-05-23T10:26:41 ART" skipped="0">
  <testcase classname="Despegar_Compra" name="ValidarBusquedaWikipedia" time="20.542"/>
  <system-out/>
</testsuite> <!-- Despegar_Compra -->
